<?xml version="1.0" encoding="UTF-8"?>
<!-- Generated by org.testng.reporters.JUnitXMLReporter -->
<testsuite ignored="0" hostname="DESKTOP-5K17L9B" failures="1" tests="2" name="Test" time="40.451" errors="0" timestamp="2025-07-02T23:40:02 PDT">
  <testcase classname="AMIT.TCS.Standalone" name="stand" time="15.047"/>
  <testcase classname="AMIT.TCS.Standalone" name="stand2" time="15.319">
    <failure type="java.lang.AssertionError" message="expected [THANKYOU FOR THE ORDER. i] but found [THANKYOU FOR THE ORDER.]">
      <![CDATA[java.lang.AssertionError: expected [THANKYOU FOR THE ORDER. i] but found [THANKYOU FOR THE ORDER.]
at AMIT.TCS.Standalone.stand2(Standalone.java:123)
at java.base/java.util.ArrayList.forEach(ArrayList.java:1511)
... Removed 33 stack frames]]>
    </failure>
  </testcase> <!-- stand2 -->
</testsuite> <!-- Test -->
