<?xml version="1.0" encoding="UTF-8"?>
<testng-results ignored="0" total="2" passed="2" failed="0" skipped="0">
  <reporter-output>
  </reporter-output>
  <suite started-at="2025-05-01T13:00:45 PDT" name="Suite" finished-at="2025-05-01T13:01:04 PDT" duration-ms="18979">
    <groups>
    </groups>
    <test started-at="2025-05-01T13:00:45 PDT" name="Test" finished-at="2025-05-01T13:01:04 PDT" duration-ms="18979">
      <class name="Shetty.Rahuls.ErrorValidation">
        <test-method is-config="true" signature="launch()[pri:0, instance:Shetty.Rahuls.ErrorValidation@15043a2f]" started-at="2025-05-01T13:01:02 PDT" name="launch" finished-at="2025-05-01T13:01:03 PDT" duration-ms="1270" status="PASS">
          <reporter-output>
          </reporter-output>
        </test-method> <!-- launch -->
        <test-method signature="submitOrder()[pri:0, instance:Shetty.Rahuls.ErrorValidation@15043a2f]" started-at="2025-05-01T13:01:03 PDT" name="submitOrder" finished-at="2025-05-01T13:01:04 PDT" duration-ms="946" status="PASS">
          <reporter-output>
          </reporter-output>
        </test-method> <!-- submitOrder -->
        <test-method is-config="true" signature="tearDown()[pri:0, instance:Shetty.Rahuls.ErrorValidation@15043a2f]" started-at="2025-05-01T13:01:04 PDT" name="tearDown" finished-at="2025-05-01T13:01:04 PDT" duration-ms="82" status="PASS">
          <reporter-output>
          </reporter-output>
        </test-method> <!-- tearDown -->
      </class> <!-- Shetty.Rahuls.ErrorValidation -->
      <class name="Shetty.Rahuls.Standalone">
        <test-method is-config="true" signature="launch()[pri:0, instance:Shetty.Rahuls.Standalone@6d4d66d2]" started-at="2025-05-01T13:00:45 PDT" name="launch" finished-at="2025-05-01T13:00:47 PDT" duration-ms="2106" status="PASS">
          <reporter-output>
          </reporter-output>
        </test-method> <!-- launch -->
        <test-method signature="submitOrder()[pri:0, instance:Shetty.Rahuls.Standalone@6d4d66d2]" started-at="2025-05-01T13:00:47 PDT" name="submitOrder" finished-at="2025-05-01T13:01:02 PDT" duration-ms="14412" status="PASS">
          <reporter-output>
          </reporter-output>
        </test-method> <!-- submitOrder -->
        <test-method is-config="true" signature="tearDown()[pri:0, instance:Shetty.Rahuls.Standalone@6d4d66d2]" started-at="2025-05-01T13:01:02 PDT" name="tearDown" finished-at="2025-05-01T13:01:02 PDT" duration-ms="116" status="PASS">
          <reporter-output>
          </reporter-output>
        </test-method> <!-- tearDown -->
      </class> <!-- Shetty.Rahuls.Standalone -->
    </test> <!-- Test -->
  </suite> <!-- Suite -->
</testng-results>
